[debug] [2026-01-07T17:58:34.249Z] ----------------------------------------------------------------------
[debug] [2026-01-07T17:58:34.251Z] Command:       /usr/local/bin/firebase /home/codespace/.cache/firebase/tools/lib/node_modules/firebase-tools/lib/bin/firebase projects:list
[debug] [2026-01-07T17:58:34.252Z] CLI Version:   14.26.0
[debug] [2026-01-07T17:58:34.252Z] Platform:      linux
[debug] [2026-01-07T17:58:34.252Z] Node Version:  v20.18.2
[debug] [2026-01-07T17:58:34.252Z] Time:          Wed Jan 07 2026 17:58:34 GMT+0000 (Coordinated Universal Time)
[debug] [2026-01-07T17:58:34.252Z] Env Overrides: GITHUB_API_URL, GITHUB_API_URL
[debug] [2026-01-07T17:58:34.252Z] ----------------------------------------------------------------------
[debug] 
[debug] [2026-01-07T17:58:34.547Z] > command requires scopes: ["email","openid","https://www.googleapis.com/auth/cloudplatformprojects.readonly","https://www.googleapis.com/auth/firebase","https://www.googleapis.com/auth/cloud-platform"]
[debug] [2026-01-07T17:58:34.547Z] > authorizing via signed-in user (info@edlight.org)
[debug] [2026-01-07T17:58:34.552Z] Checked if tokens are valid: false, expires at: 1767578584802
[debug] [2026-01-07T17:58:34.552Z] Checked if tokens are valid: false, expires at: 1767578584802
[debug] [2026-01-07T17:58:34.552Z] > refreshing access token with scopes: []
[debug] [2026-01-07T17:58:34.554Z] >>> [apiv2][query] POST https://www.googleapis.com/oauth2/v3/token [none]
[debug] [2026-01-07T17:58:34.554Z] >>> [apiv2][body] POST https://www.googleapis.com/oauth2/v3/token [omitted]
[debug] [2026-01-07T17:58:34.704Z] <<< [apiv2][status] POST https://www.googleapis.com/oauth2/v3/token 400
[debug] [2026-01-07T17:58:34.704Z] <<< [apiv2][body] POST https://www.googleapis.com/oauth2/v3/token [omitted]
[error] Authentication Error: Your credentials are no longer valid. Please run firebase login --reauth

For CI servers and headless environments, generate a new token with firebase login:ci
[error] Authentication Error: Your credentials are no longer valid. Please run firebase login --reauth

For CI servers and headless environments, generate a new token with firebase login:ci
[debug] [2026-01-07T17:58:34.705Z] Authentication Error: Your credentials are no longer valid. Please run firebase login --reauth

For CI servers and headless environments, generate a new token with firebase login:ci
[debug] [2026-01-07T17:58:34.736Z] FirebaseError: Authentication Error: Your credentials are no longer valid. Please run firebase login --reauth

For CI servers and headless environments, generate a new token with firebase login:ci
    at invalidCredentialError (/home/codespace/.cache/firebase/tools/lib/node_modules/firebase-tools/lib/auth.js:167:12)
    at refreshTokens (/home/codespace/.cache/firebase/tools/lib/node_modules/firebase-tools/lib/auth.js:591:15)
    at process.processTicksAndRejections (node:internal/process/task_queues:95:5)
    at async getAccessToken (/home/codespace/.cache/firebase/tools/lib/node_modules/firebase-tools/lib/apiv2.js:42:18)
    at async Client.addAuthHeader (/home/codespace/.cache/firebase/tools/lib/node_modules/firebase-tools/lib/apiv2.js:169:21)
    at async Client.request (/home/codespace/.cache/firebase/tools/lib/node_modules/firebase-tools/lib/apiv2.js:120:34)
    at async getProjectPage (/home/codespace/.cache/firebase/tools/lib/node_modules/firebase-tools/lib/management/projects.js:279:17)
    at async getFirebaseProjectPage (/home/codespace/.cache/firebase/tools/lib/node_modules/firebase-tools/lib/management/projects.js:296:23)
    at async listFirebaseProjects (/home/codespace/.cache/firebase/tools/lib/node_modules/firebase-tools/lib/management/projects.js:327:29)
    at async Command.actionFn (/home/codespace/.cache/firebase/tools/lib/node_modules/firebase-tools/lib/commands/projects-list.js:51:20)
[error] 
[error] Error: Failed to list Firebase projects. See firebase-debug.log for more info.
